# JRE version: Java(TM) SE Runtime Environment (8.0_251-b08) (build 1.8.0_251-b08)
# Java VM: Java HotSpot(TM) 64-Bit Server VM (25.251-b08 mixed mode windows-amd64 compressed oops)
Heap:
 PSYoungGen      total 109056K, used 81589K [0x00000000ebd00000, 0x00000000f4000000, 0x0000000100000000)
  eden space 94720K, 71% used [0x00000000ebd00000,0x00000000efeb5358,0x00000000f1980000)
  from space 14336K, 99% used [0x00000000f1980000,0x00000000f2778188,0x00000000f2780000)
  to   space 16896K, 0% used [0x00000000f2f80000,0x00000000f2f80000,0x00000000f4000000)
 ParOldGen       total 47616K, used 19703K [0x00000000c3600000, 0x00000000c6480000, 0x00000000ebd00000)
  object space 47616K, 41% used [0x00000000c3600000,0x00000000c493df38,0x00000000c6480000)
 Metaspace       used 30444K, capacity 31116K, committed 31360K, reserved 1077248K
  class space    used 3479K, capacity 3685K, committed 3712K, reserved 1048576K
GC Heap History (10 events):
Event: 20.723 GC heap before
{Heap before GC invocations=8 (full 0):
 PSYoungGen      total 37888K, used 37872K [0x00000000ebd00000, 0x00000000f0c00000, 0x0000000100000000)
  eden space 31232K, 100% used [0x00000000ebd00000,0x00000000edb80000,0x00000000edb80000)
  from space 6656K, 99% used [0x00000000edb80000,0x00000000ee1fc010,0x00000000ee200000)
  to   space 9216K, 0% used [0x00000000f0300000,0x00000000f0300000,0x00000000f0c00000)
 ParOldGen       total 42496K, used 11326K [0x00000000c3600000, 0x00000000c5f80000, 0x00000000ebd00000)
  object space 42496K, 26% used [0x00000000c3600000,0x00000000c410f960,0x00000000c5f80000)
 Metaspace       used 16016K, capacity 16306K, committed 16384K, reserved 1062912K
  class space    used 1885K, capacity 1981K, committed 2048K, reserved 1048576K
Event: 20.786 GC heap after
Heap after GC invocations=8 (full 0):
 PSYoungGen      total 70656K, used 9120K [0x00000000ebd00000, 0x00000000f0e00000, 0x0000000100000000)
  eden space 61440K, 0% used [0x00000000ebd00000,0x00000000ebd00000,0x00000000ef900000)
  from space 9216K, 98% used [0x00000000f0300000,0x00000000f0be8000,0x00000000f0c00000)
  to   space 10240K, 0% used [0x00000000ef900000,0x00000000ef900000,0x00000000f0300000)
 ParOldGen       total 42496K, used 12120K [0x00000000c3600000, 0x00000000c5f80000, 0x00000000ebd00000)
  object space 42496K, 28% used [0x00000000c3600000,0x00000000c41d6190,0x00000000c5f80000)
 Metaspace       used 16016K, capacity 16306K, committed 16384K, reserved 1062912K
  class space    used 1885K, capacity 1981K, committed 2048K, reserved 1048576K
}
Event: 25.606 GC heap before
{Heap before GC invocations=9 (full 0):
 PSYoungGen      total 70656K, used 68112K [0x00000000ebd00000, 0x00000000f0e00000, 0x0000000100000000)
  eden space 61440K, 96% used [0x00000000ebd00000,0x00000000ef69c068,0x00000000ef900000)
  from space 9216K, 98% used [0x00000000f0300000,0x00000000f0be8000,0x00000000f0c00000)
  to   space 10240K, 0% used [0x00000000ef900000,0x00000000ef900000,0x00000000f0300000)
 ParOldGen       total 42496K, used 12120K [0x00000000c3600000, 0x00000000c5f80000, 0x00000000ebd00000)
  object space 42496K, 28% used [0x00000000c3600000,0x00000000c41d6190,0x00000000c5f80000)
 Metaspace       used 20709K, capacity 21184K, committed 21296K, reserved 1069056K
  class space    used 2467K, capacity 2648K, committed 2688K, reserved 1048576K
Event: 25.671 GC heap after
Heap after GC invocations=9 (full 0):
 PSYoungGen      total 71680K, used 10235K [0x00000000ebd00000, 0x00000000f3700000, 0x0000000100000000)
  eden space 61440K, 0% used [0x00000000ebd00000,0x00000000ebd00000,0x00000000ef900000)
  from space 10240K, 99% used [0x00000000ef900000,0x00000000f02feea0,0x00000000f0300000)
  to   space 13312K, 0% used [0x00000000f2a00000,0x00000000f2a00000,0x00000000f3700000)
 ParOldGen       total 42496K, used 15968K [0x00000000c3600000, 0x00000000c5f80000, 0x00000000ebd00000)
  object space 42496K, 37% used [0x00000000c3600000,0x00000000c4598208,0x00000000c5f80000)
 Metaspace       used 20709K, capacity 21184K, committed 21296K, reserved 1069056K
  class space    used 2467K, capacity 2648K, committed 2688K, reserved 1048576K
}
Event: 25.671 GC heap before
{Heap before GC invocations=10 (full 1):
 PSYoungGen      total 71680K, used 10235K [0x00000000ebd00000, 0x00000000f3700000, 0x0000000100000000)
  eden space 61440K, 0% used [0x00000000ebd00000,0x00000000ebd00000,0x00000000ef900000)
  from space 10240K, 99% used [0x00000000ef900000,0x00000000f02feea0,0x00000000f0300000)
  to   space 13312K, 0% used [0x00000000f2a00000,0x00000000f2a00000,0x00000000f3700000)
 ParOldGen       total 42496K, used 15968K [0x00000000c3600000, 0x00000000c5f80000, 0x00000000ebd00000)
  object space 42496K, 37% used [0x00000000c3600000,0x00000000c4598208,0x00000000c5f80000)
 Metaspace       used 20709K, capacity 21184K, committed 21296K, reserved 1069056K
  class space    used 2467K, capacity 2648K, committed 2688K, reserved 1048576K
Event: 26.131 GC heap after
Heap after GC invocations=10 (full 1):
 PSYoungGen      total 71680K, used 0K [0x00000000ebd00000, 0x00000000f3700000, 0x0000000100000000)
  eden space 61440K, 0% used [0x00000000ebd00000,0x00000000ebd00000,0x00000000ef900000)
  from space 10240K, 0% used [0x00000000ef900000,0x00000000ef900000,0x00000000f0300000)
  to   space 13312K, 0% used [0x00000000f2a00000,0x00000000f2a00000,0x00000000f3700000)
 ParOldGen       total 47616K, used 18226K [0x00000000c3600000, 0x00000000c6480000, 0x00000000ebd00000)
  object space 47616K, 38% used [0x00000000c3600000,0x00000000c47ccaf8,0x00000000c6480000)
 Metaspace       used 20709K, capacity 21184K, committed 21296K, reserved 1069056K
  class space    used 2467K, capacity 2648K, committed 2688K, reserved 1048576K
}
Event: 28.520 GC heap before
{Heap before GC invocations=11 (full 1):
 PSYoungGen      total 71680K, used 61440K [0x00000000ebd00000, 0x00000000f3700000, 0x0000000100000000)
  eden space 61440K, 100% used [0x00000000ebd00000,0x00000000ef900000,0x00000000ef900000)
  from space 10240K, 0% used [0x00000000ef900000,0x00000000ef900000,0x00000000f0300000)
  to   space 13312K, 0% used [0x00000000f2a00000,0x00000000f2a00000,0x00000000f3700000)
 ParOldGen       total 47616K, used 18226K [0x00000000c3600000, 0x00000000c6480000, 0x00000000ebd00000)
  object space 47616K, 38% used [0x00000000c3600000,0x00000000c47ccaf8,0x00000000c6480000)
 Metaspace       used 21676K, capacity 22144K, committed 22448K, reserved 1069056K
  class space    used 2559K, capacity 2712K, committed 2816K, reserved 1048576K
Event: 28.576 GC heap after
Heap after GC invocations=11 (full 1):
 PSYoungGen      total 91136K, used 11675K [0x00000000ebd00000, 0x00000000f3580000, 0x0000000100000000)
  eden space 79360K, 0% used [0x00000000ebd00000,0x00000000ebd00000,0x00000000f0a80000)
  from space 11776K, 99% used [0x00000000f2a00000,0x00000000f3566e68,0x00000000f3580000)
  to   space 14336K, 0% used [0x00000000f1980000,0x00000000f1980000,0x00000000f2780000)
 ParOldGen       total 47616K, used 18234K [0x00000000c3600000, 0x00000000c6480000, 0x00000000ebd00000)
  object space 47616K, 38% used [0x00000000c3600000,0x00000000c47ceaf8,0x00000000c6480000)
 Metaspace       used 21676K, capacity 22144K, committed 22448K, reserved 1069056K
  class space    used 2559K, capacity 2712K, committed 2816K, reserved 1048576K
}
Event: 34.608 GC heap before
{Heap before GC invocations=12 (full 1):
 PSYoungGen      total 91136K, used 91035K [0x00000000ebd00000, 0x00000000f3580000, 0x0000000100000000)
  eden space 79360K, 100% used [0x00000000ebd00000,0x00000000f0a80000,0x00000000f0a80000)
  from space 11776K, 99% used [0x00000000f2a00000,0x00000000f3566e68,0x00000000f3580000)
  to   space 14336K, 0% used [0x00000000f1980000,0x00000000f1980000,0x00000000f2780000)
 ParOldGen       total 47616K, used 18234K [0x00000000c3600000, 0x00000000c6480000, 0x00000000ebd00000)
  object space 47616K, 38% used [0x00000000c3600000,0x00000000c47ceaf8,0x00000000c6480000)
 Metaspace       used 23600K, capacity 24190K, committed 24448K, reserved 1071104K
  class space    used 2747K, capacity 2940K, committed 2944K, reserved 1048576K
Event: 34.650 GC heap after
Heap after GC invocations=12 (full 1):
 PSYoungGen      total 109056K, used 14304K [0x00000000ebd00000, 0x00000000f4000000, 0x0000000100000000)
  eden space 94720K, 0% used [0x00000000ebd00000,0x00000000ebd00000,0x00000000f1980000)
  from space 14336K, 99% used [0x00000000f1980000,0x00000000f2778188,0x00000000f2780000)
  to   space 16896K, 0% used [0x00000000f2f80000,0x00000000f2f80000,0x00000000f4000000)
 ParOldGen       total 47616K, used 19703K [0x00000000c3600000, 0x00000000c6480000, 0x00000000ebd00000)
  object space 47616K, 41% used [0x00000000c3600000,0x00000000c493df38,0x00000000c6480000)
 Metaspace       used 23600K, capacity 24190K, committed 24448K, reserved 1071104K
  class space    used 2747K, capacity 2940K, committed 2944K, reserved 1048576K
}

