# JRE version: Java(TM) SE Runtime Environment (8.0_251-b08) (build 1.8.0_251-b08)
# Java VM: Java HotSpot(TM) 64-Bit Server VM (25.251-b08 mixed mode windows-amd64 compressed oops)
Heap:
 PSYoungGen      total 124416K, used 8302K [0x00000000ebd00000, 0x00000000f5980000, 0x0000000100000000)
  eden space 113152K, 7% used [0x00000000ebd00000,0x00000000ec51ba38,0x00000000f2b80000)
  from space 11264K, 0% used [0x00000000f2b80000,0x00000000f2b80000,0x00000000f3680000)
  to   space 13312K, 0% used [0x00000000f4c80000,0x00000000f4c80000,0x00000000f5980000)
 ParOldGen       total 66560K, used 21015K [0x00000000c3600000, 0x00000000c7700000, 0x00000000ebd00000)
  object space 66560K, 31% used [0x00000000c3600000,0x00000000c4a85c98,0x00000000c7700000)
 Metaspace       used 34398K, capacity 35960K, committed 36136K, reserved 1081344K
  class space    used 4350K, capacity 4652K, committed 4736K, reserved 1048576K
GC Heap History (10 events):
Event: 35.937 GC heap before
{Heap before GC invocations=13 (full 1):
 PSYoungGen      total 100864K, used 100838K [0x00000000ebd00000, 0x00000000f2a80000, 0x0000000100000000)
  eden space 94720K, 99% used [0x00000000ebd00000,0x00000000f197d8b0,0x00000000f1980000)
  from space 6144K, 99% used [0x00000000f1d00000,0x00000000f22fc290,0x00000000f2300000)
  to   space 7680K, 0% used [0x00000000f2300000,0x00000000f2300000,0x00000000f2a80000)
 ParOldGen       total 35328K, used 15084K [0x00000000c3600000, 0x00000000c5880000, 0x00000000ebd00000)
  object space 35328K, 42% used [0x00000000c3600000,0x00000000c44bb0b8,0x00000000c5880000)
 Metaspace       used 25644K, capacity 26332K, committed 26496K, reserved 1073152K
  class space    used 3163K, capacity 3342K, committed 3456K, reserved 1048576K
Event: 35.959 GC heap after
Heap after GC invocations=13 (full 1):
 PSYoungGen      total 102912K, used 7071K [0x00000000ebd00000, 0x00000000f3e80000, 0x0000000100000000)
  eden space 95232K, 0% used [0x00000000ebd00000,0x00000000ebd00000,0x00000000f1a00000)
  from space 7680K, 92% used [0x00000000f2300000,0x00000000f29e7e80,0x00000000f2a80000)
  to   space 9216K, 0% used [0x00000000f1a00000,0x00000000f1a00000,0x00000000f2300000)
 ParOldGen       total 35328K, used 16412K [0x00000000c3600000, 0x00000000c5880000, 0x00000000ebd00000)
  object space 35328K, 46% used [0x00000000c3600000,0x00000000c46070d8,0x00000000c5880000)
 Metaspace       used 25644K, capacity 26332K, committed 26496K, reserved 1073152K
  class space    used 3163K, capacity 3342K, committed 3456K, reserved 1048576K
}
Event: 39.053 GC heap before
{Heap before GC invocations=14 (full 1):
 PSYoungGen      total 102912K, used 102303K [0x00000000ebd00000, 0x00000000f3e80000, 0x0000000100000000)
  eden space 95232K, 100% used [0x00000000ebd00000,0x00000000f1a00000,0x00000000f1a00000)
  from space 7680K, 92% used [0x00000000f2300000,0x00000000f29e7e80,0x00000000f2a80000)
  to   space 9216K, 0% used [0x00000000f1a00000,0x00000000f1a00000,0x00000000f2300000)
 ParOldGen       total 35328K, used 16412K [0x00000000c3600000, 0x00000000c5880000, 0x00000000ebd00000)
  object space 35328K, 46% used [0x00000000c3600000,0x00000000c46070d8,0x00000000c5880000)
 Metaspace       used 27472K, capacity 28304K, committed 28544K, reserved 1075200K
  class space    used 3415K, capacity 3626K, committed 3712K, reserved 1048576K
Event: 39.104 GC heap after
Heap after GC invocations=14 (full 1):
 PSYoungGen      total 104448K, used 8988K [0x00000000ebd00000, 0x00000000f4280000, 0x0000000100000000)
  eden space 95232K, 0% used [0x00000000ebd00000,0x00000000ebd00000,0x00000000f1a00000)
  from space 9216K, 97% used [0x00000000f1a00000,0x00000000f22c7190,0x00000000f2300000)
  to   space 10752K, 0% used [0x00000000f3800000,0x00000000f3800000,0x00000000f4280000)
 ParOldGen       total 35328K, used 16420K [0x00000000c3600000, 0x00000000c5880000, 0x00000000ebd00000)
  object space 35328K, 46% used [0x00000000c3600000,0x00000000c46090d8,0x00000000c5880000)
 Metaspace       used 27472K, capacity 28304K, committed 28544K, reserved 1075200K
  class space    used 3415K, capacity 3626K, committed 3712K, reserved 1048576K
}
Event: 43.915 GC heap before
{Heap before GC invocations=15 (full 1):
 PSYoungGen      total 104448K, used 104220K [0x00000000ebd00000, 0x00000000f4280000, 0x0000000100000000)
  eden space 95232K, 100% used [0x00000000ebd00000,0x00000000f1a00000,0x00000000f1a00000)
  from space 9216K, 97% used [0x00000000f1a00000,0x00000000f22c7190,0x00000000f2300000)
  to   space 10752K, 0% used [0x00000000f3800000,0x00000000f3800000,0x00000000f4280000)
 ParOldGen       total 35328K, used 16420K [0x00000000c3600000, 0x00000000c5880000, 0x00000000ebd00000)
  object space 35328K, 46% used [0x00000000c3600000,0x00000000c46090d8,0x00000000c5880000)
 Metaspace       used 29179K, capacity 30172K, committed 30336K, reserved 1075200K
  class space    used 3656K, capacity 3900K, committed 3968K, reserved 1048576K
Event: 43.950 GC heap after
Heap after GC invocations=15 (full 1):
 PSYoungGen      total 122880K, used 7970K [0x00000000ebd00000, 0x00000000f4180000, 0x0000000100000000)
  eden space 113152K, 0% used [0x00000000ebd00000,0x00000000ebd00000,0x00000000f2b80000)
  from space 9728K, 81% used [0x00000000f3800000,0x00000000f3fc89e8,0x00000000f4180000)
  to   space 11264K, 0% used [0x00000000f2b80000,0x00000000f2b80000,0x00000000f3680000)
 ParOldGen       total 35328K, used 16428K [0x00000000c3600000, 0x00000000c5880000, 0x00000000ebd00000)
  object space 35328K, 46% used [0x00000000c3600000,0x00000000c460b0d8,0x00000000c5880000)
 Metaspace       used 29179K, capacity 30172K, committed 30336K, reserved 1075200K
  class space    used 3656K, capacity 3900K, committed 3968K, reserved 1048576K
}
Event: 50.411 GC heap before
{Heap before GC invocations=16 (full 1):
 PSYoungGen      total 122880K, used 85889K [0x00000000ebd00000, 0x00000000f4180000, 0x0000000100000000)
  eden space 113152K, 68% used [0x00000000ebd00000,0x00000000f0917a80,0x00000000f2b80000)
  from space 9728K, 81% used [0x00000000f3800000,0x00000000f3fc89e8,0x00000000f4180000)
  to   space 11264K, 0% used [0x00000000f2b80000,0x00000000f2b80000,0x00000000f3680000)
 ParOldGen       total 35328K, used 16428K [0x00000000c3600000, 0x00000000c5880000, 0x00000000ebd00000)
  object space 35328K, 46% used [0x00000000c3600000,0x00000000c460b0d8,0x00000000c5880000)
 Metaspace       used 33927K, capacity 35432K, committed 35496K, reserved 1081344K
  class space    used 4296K, capacity 4586K, committed 4608K, reserved 1048576K
Event: 50.490 GC heap after
Heap after GC invocations=16 (full 1):
 PSYoungGen      total 124416K, used 11245K [0x00000000ebd00000, 0x00000000f5980000, 0x0000000100000000)
  eden space 113152K, 0% used [0x00000000ebd00000,0x00000000ebd00000,0x00000000f2b80000)
  from space 11264K, 99% used [0x00000000f2b80000,0x00000000f367b6b8,0x00000000f3680000)
  to   space 13312K, 0% used [0x00000000f4c80000,0x00000000f4c80000,0x00000000f5980000)
 ParOldGen       total 35328K, used 18383K [0x00000000c3600000, 0x00000000c5880000, 0x00000000ebd00000)
  object space 35328K, 52% used [0x00000000c3600000,0x00000000c47f3fc0,0x00000000c5880000)
 Metaspace       used 33927K, capacity 35432K, committed 35496K, reserved 1081344K
  class space    used 4296K, capacity 4586K, committed 4608K, reserved 1048576K
}
Event: 50.490 GC heap before
{Heap before GC invocations=17 (full 2):
 PSYoungGen      total 124416K, used 11245K [0x00000000ebd00000, 0x00000000f5980000, 0x0000000100000000)
  eden space 113152K, 0% used [0x00000000ebd00000,0x00000000ebd00000,0x00000000f2b80000)
  from space 11264K, 99% used [0x00000000f2b80000,0x00000000f367b6b8,0x00000000f3680000)
  to   space 13312K, 0% used [0x00000000f4c80000,0x00000000f4c80000,0x00000000f5980000)
 ParOldGen       total 35328K, used 18383K [0x00000000c3600000, 0x00000000c5880000, 0x00000000ebd00000)
  object space 35328K, 52% used [0x00000000c3600000,0x00000000c47f3fc0,0x00000000c5880000)
 Metaspace       used 33927K, capacity 35432K, committed 35496K, reserved 1081344K
  class space    used 4296K, capacity 4586K, committed 4608K, reserved 1048576K
Event: 50.821 GC heap after
Heap after GC invocations=17 (full 2):
 PSYoungGen      total 124416K, used 0K [0x00000000ebd00000, 0x00000000f5980000, 0x0000000100000000)
  eden space 113152K, 0% used [0x00000000ebd00000,0x00000000ebd00000,0x00000000f2b80000)
  from space 11264K, 0% used [0x00000000f2b80000,0x00000000f2b80000,0x00000000f3680000)
  to   space 13312K, 0% used [0x00000000f4c80000,0x00000000f4c80000,0x00000000f5980000)
 ParOldGen       total 66560K, used 21015K [0x00000000c3600000, 0x00000000c7700000, 0x00000000ebd00000)
  object space 66560K, 31% used [0x00000000c3600000,0x00000000c4a85c98,0x00000000c7700000)
 Metaspace       used 33927K, capacity 35432K, committed 35496K, reserved 1081344K
  class space    used 4296K, capacity 4586K, committed 4608K, reserved 1048576K
}

